<?xml version="1.0" encoding="UTF-8"?>
<testng-results skipped="0" failed="0" ignored="0" total="1" passed="1">
  <reporter-output>
  </reporter-output>
  <suite name="Default suite" duration-ms="3208" started-at="2021-06-27T06:17:23 UTC" finished-at="2021-06-27T06:17:27 UTC">
    <groups>
    </groups>
    <test name="Default test" duration-ms="3208" started-at="2021-06-27T06:17:23 UTC" finished-at="2021-06-27T06:17:27 UTC">
      <class name="test.ProductSelectionTest">
        <test-method status="PASS" signature="setup()[pri:0, instance:test.ProductSelectionTest@7d70d1b1]" name="setup" is-config="true" duration-ms="2136" started-at="2021-06-27T06:17:23 UTC" finished-at="2021-06-27T06:17:26 UTC">
          <reporter-output>
          </reporter-output>
        </test-method> <!-- setup -->
        <test-method status="PASS" signature="testcase1()[pri:0, instance:test.ProductSelectionTest@7d70d1b1]" name="testcase1" duration-ms="752" started-at="2021-06-27T06:17:26 UTC" finished-at="2021-06-27T06:17:26 UTC">
          <reporter-output>
          </reporter-output>
        </test-method> <!-- testcase1 -->
        <test-method status="PASS" signature="teardown()[pri:0, instance:test.ProductSelectionTest@7d70d1b1]" name="teardown" is-config="true" duration-ms="283" started-at="2021-06-27T06:17:26 UTC" finished-at="2021-06-27T06:17:27 UTC">
          <reporter-output>
          </reporter-output>
        </test-method> <!-- teardown -->
      </class> <!-- test.ProductSelectionTest -->
    </test> <!-- Default test -->
  </suite> <!-- Default suite -->
</testng-results>
